{"level":"INFO","message":"[9:52:07.389 PM]: Connecting to GLOBAL Snowflake domain"}
{"level":"INFO","message":"[9:52:07.401 PM]: Trying to initialize Easy Logging"}
{"level":"INFO","message":"[9:52:07.404 PM]: No client config file found in default directories"}
{"level":"INFO","message":"[9:52:07.404 PM]: Easy Logging is disabled as no config has been found"}
{"level":"INFO","message":"[9:58:45.980 PM]: Connecting to GLOBAL Snowflake domain"}
{"level":"INFO","message":"[9:58:45.988 PM]: Trying to initialize Easy Logging"}
{"level":"INFO","message":"[9:58:45.991 PM]: No client config file found in default directories"}
{"level":"INFO","message":"[9:58:45.992 PM]: Easy Logging is disabled as no config has been found"}
{"level":"INFO","message":"[10:23:28.349 PM]: Connecting to GLOBAL Snowflake domain"}
{"level":"INFO","message":"[10:23:28.357 PM]: Trying to initialize Easy Logging"}
{"level":"INFO","message":"[10:23:28.359 PM]: No client config file found in default directories"}
{"level":"INFO","message":"[10:23:28.360 PM]: Easy Logging is disabled as no config has been found"}
{"level":"INFO","message":"[10:30:46.703 PM]: Connecting to GLOBAL Snowflake domain"}
{"level":"INFO","message":"[10:30:46.710 PM]: Trying to initialize Easy Logging"}
{"level":"INFO","message":"[10:30:46.713 PM]: No client config file found in default directories"}
{"level":"INFO","message":"[10:30:46.713 PM]: Easy Logging is disabled as no config has been found"}
{"level":"INFO","message":"[10:40:40.994 PM]: Connecting to GLOBAL Snowflake domain"}
{"level":"INFO","message":"[10:40:41.006 PM]: Trying to initialize Easy Logging"}
{"level":"INFO","message":"[10:40:41.010 PM]: No client config file found in default directories"}
{"level":"INFO","message":"[10:40:41.010 PM]: Easy Logging is disabled as no config has been found"}
{"level":"INFO","message":"[11:41:41.793 PM]: Connecting to GLOBAL Snowflake domain"}
{"level":"INFO","message":"[11:41:41.802 PM]: Trying to initialize Easy Logging"}
{"level":"INFO","message":"[11:41:41.805 PM]: No client config file found in default directories"}
{"level":"INFO","message":"[11:41:41.806 PM]: Easy Logging is disabled as no config has been found"}
{"level":"INFO","message":"[12:25:35.366 PM]: Connecting to GLOBAL Snowflake domain"}
{"level":"INFO","message":"[12:25:35.377 PM]: Trying to initialize Easy Logging"}
{"level":"INFO","message":"[12:25:35.380 PM]: No client config file found in default directories"}
{"level":"INFO","message":"[12:25:35.380 PM]: Easy Logging is disabled as no config has been found"}
{"level":"INFO","message":"[2:21:06.513 PM]: Connecting to GLOBAL Snowflake domain"}
{"level":"INFO","message":"[2:21:06.525 PM]: Trying to initialize Easy Logging"}
{"level":"INFO","message":"[2:21:06.528 PM]: No client config file found in default directories"}
{"level":"INFO","message":"[2:21:06.528 PM]: Easy Logging is disabled as no config has been found"}
{"level":"INFO","message":"[2:21:29.416 PM]: Connecting to GLOBAL Snowflake domain"}
{"level":"INFO","message":"[2:21:29.424 PM]: Trying to initialize Easy Logging"}
{"level":"INFO","message":"[2:21:29.426 PM]: No client config file found in default directories"}
{"level":"INFO","message":"[2:21:29.426 PM]: Easy Logging is disabled as no config has been found"}
{"level":"INFO","message":"[2:26:42.225 PM]: Connecting to GLOBAL Snowflake domain"}
{"level":"INFO","message":"[2:26:42.235 PM]: Trying to initialize Easy Logging"}
{"level":"INFO","message":"[2:26:42.236 PM]: No client config file found in default directories"}
{"level":"INFO","message":"[2:26:42.236 PM]: Easy Logging is disabled as no config has been found"}
{"level":"INFO","message":"[2:56:09.628 PM]: Connecting to GLOBAL Snowflake domain"}
{"level":"INFO","message":"[2:56:09.635 PM]: Trying to initialize Easy Logging"}
{"level":"INFO","message":"[2:56:09.637 PM]: No client config file found in default directories"}
{"level":"INFO","message":"[2:56:09.637 PM]: Easy Logging is disabled as no config has been found"}
{"level":"INFO","message":"[2:59:38.033 PM]: Connecting to GLOBAL Snowflake domain"}
{"level":"INFO","message":"[2:59:38.041 PM]: Trying to initialize Easy Logging"}
{"level":"INFO","message":"[2:59:38.043 PM]: No client config file found in default directories"}
{"level":"INFO","message":"[2:59:38.044 PM]: Easy Logging is disabled as no config has been found"}
{"level":"INFO","message":"[3:14:55.864 PM]: Connecting to GLOBAL Snowflake domain"}
{"level":"INFO","message":"[3:14:55.871 PM]: Trying to initialize Easy Logging"}
{"level":"INFO","message":"[3:14:55.874 PM]: No client config file found in default directories"}
{"level":"INFO","message":"[3:14:55.874 PM]: Easy Logging is disabled as no config has been found"}
{"level":"INFO","message":"[3:20:35.128 PM]: Connecting to GLOBAL Snowflake domain"}
{"level":"INFO","message":"[3:20:35.142 PM]: Trying to initialize Easy Logging"}
{"level":"INFO","message":"[3:20:35.145 PM]: No client config file found in default directories"}
{"level":"INFO","message":"[3:20:35.145 PM]: Easy Logging is disabled as no config has been found"}
{"level":"INFO","message":"[5:07:26.482 PM]: Connecting to GLOBAL Snowflake domain"}
{"level":"INFO","message":"[5:07:26.493 PM]: Trying to initialize Easy Logging"}
{"level":"INFO","message":"[5:07:26.497 PM]: No client config file found in default directories"}
{"level":"INFO","message":"[5:07:26.498 PM]: Easy Logging is disabled as no config has been found"}
{"level":"INFO","message":"[5:52:47.029 PM]: Connecting to GLOBAL Snowflake domain"}
{"level":"INFO","message":"[5:52:47.043 PM]: Trying to initialize Easy Logging"}
{"level":"INFO","message":"[5:52:47.047 PM]: No client config file found in default directories"}
{"level":"INFO","message":"[5:52:47.048 PM]: Easy Logging is disabled as no config has been found"}
{"level":"INFO","message":"[5:59:01.636 PM]: Connecting to GLOBAL Snowflake domain"}
{"level":"INFO","message":"[5:59:01.643 PM]: Trying to initialize Easy Logging"}
{"level":"INFO","message":"[5:59:01.646 PM]: No client config file found in default directories"}
{"level":"INFO","message":"[5:59:01.647 PM]: Easy Logging is disabled as no config has been found"}
{"level":"INFO","message":"[7:56:05.269 PM]: Connecting to GLOBAL Snowflake domain"}
{"level":"INFO","message":"[7:56:05.276 PM]: Trying to initialize Easy Logging"}
{"level":"INFO","message":"[7:56:05.279 PM]: No client config file found in default directories"}
{"level":"INFO","message":"[7:56:05.279 PM]: Easy Logging is disabled as no config has been found"}
{"level":"INFO","message":"[10:22:08.013 PM]: Connecting to GLOBAL Snowflake domain"}
{"level":"INFO","message":"[10:22:08.020 PM]: Trying to initialize Easy Logging"}
{"level":"INFO","message":"[10:22:08.023 PM]: No client config file found in default directories"}
{"level":"INFO","message":"[10:22:08.023 PM]: Easy Logging is disabled as no config has been found"}
{"level":"INFO","message":"[11:15:15.322 PM]: Connecting to GLOBAL Snowflake domain"}
{"level":"INFO","message":"[11:15:15.330 PM]: Trying to initialize Easy Logging"}
{"level":"INFO","message":"[11:15:15.332 PM]: No client config file found in default directories"}
{"level":"INFO","message":"[11:15:15.332 PM]: Easy Logging is disabled as no config has been found"}
{"level":"INFO","message":"[11:28:54.070 PM]: Connecting to GLOBAL Snowflake domain"}
{"level":"INFO","message":"[11:28:54.080 PM]: Trying to initialize Easy Logging"}
{"level":"INFO","message":"[11:28:54.081 PM]: No client config file found in default directories"}
{"level":"INFO","message":"[11:28:54.082 PM]: Easy Logging is disabled as no config has been found"}
{"level":"INFO","message":"[11:32:40.951 PM]: Connecting to GLOBAL Snowflake domain"}
{"level":"INFO","message":"[11:32:40.957 PM]: Trying to initialize Easy Logging"}
{"level":"INFO","message":"[11:32:40.960 PM]: No client config file found in default directories"}
{"level":"INFO","message":"[11:32:40.960 PM]: Easy Logging is disabled as no config has been found"}
{"level":"INFO","message":"[12:07:07.683 AM]: Connecting to GLOBAL Snowflake domain"}
{"level":"INFO","message":"[12:07:07.692 AM]: Trying to initialize Easy Logging"}
{"level":"INFO","message":"[12:07:07.695 AM]: No client config file found in default directories"}
{"level":"INFO","message":"[12:07:07.695 AM]: Easy Logging is disabled as no config has been found"}
{"level":"INFO","message":"[2:20:29.257 PM]: Connecting to GLOBAL Snowflake domain"}
{"level":"INFO","message":"[2:20:29.263 PM]: Trying to initialize Easy Logging"}
{"level":"INFO","message":"[2:20:29.265 PM]: No client config file found in default directories"}
{"level":"INFO","message":"[2:20:29.265 PM]: Easy Logging is disabled as no config has been found"}
{"level":"INFO","message":"[2:24:35.032 PM]: Connecting to GLOBAL Snowflake domain"}
{"level":"INFO","message":"[2:24:35.038 PM]: Trying to initialize Easy Logging"}
{"level":"INFO","message":"[2:24:35.040 PM]: No client config file found in default directories"}
{"level":"INFO","message":"[2:24:35.040 PM]: Easy Logging is disabled as no config has been found"}
{"level":"INFO","message":"[2:27:37.363 PM]: Connecting to GLOBAL Snowflake domain"}
{"level":"INFO","message":"[2:27:37.369 PM]: Trying to initialize Easy Logging"}
{"level":"INFO","message":"[2:27:37.371 PM]: No client config file found in default directories"}
{"level":"INFO","message":"[2:27:37.371 PM]: Easy Logging is disabled as no config has been found"}
{"level":"INFO","message":"[2:39:26.271 PM]: Connecting to GLOBAL Snowflake domain"}
{"level":"INFO","message":"[2:39:26.277 PM]: Trying to initialize Easy Logging"}
{"level":"INFO","message":"[2:39:26.279 PM]: No client config file found in default directories"}
{"level":"INFO","message":"[2:39:26.279 PM]: Easy Logging is disabled as no config has been found"}
{"level":"INFO","message":"[2:51:45.377 PM]: Connecting to GLOBAL Snowflake domain"}
{"level":"INFO","message":"[2:51:45.383 PM]: Trying to initialize Easy Logging"}
{"level":"INFO","message":"[2:51:45.385 PM]: No client config file found in default directories"}
{"level":"INFO","message":"[2:51:45.385 PM]: Easy Logging is disabled as no config has been found"}
{"level":"INFO","message":"[2:54:45.152 PM]: Connecting to GLOBAL Snowflake domain"}
{"level":"INFO","message":"[2:54:45.159 PM]: Trying to initialize Easy Logging"}
{"level":"INFO","message":"[2:54:45.161 PM]: No client config file found in default directories"}
{"level":"INFO","message":"[2:54:45.161 PM]: Easy Logging is disabled as no config has been found"}
{"level":"INFO","message":"[2:55:55.715 PM]: Connecting to GLOBAL Snowflake domain"}
{"level":"INFO","message":"[2:55:55.722 PM]: Trying to initialize Easy Logging"}
{"level":"INFO","message":"[2:55:55.723 PM]: No client config file found in default directories"}
{"level":"INFO","message":"[2:55:55.724 PM]: Easy Logging is disabled as no config has been found"}
{"level":"INFO","message":"[3:02:04.743 PM]: Connecting to GLOBAL Snowflake domain"}
{"level":"INFO","message":"[3:02:04.749 PM]: Trying to initialize Easy Logging"}
{"level":"INFO","message":"[3:02:04.752 PM]: No client config file found in default directories"}
{"level":"INFO","message":"[3:02:04.752 PM]: Easy Logging is disabled as no config has been found"}
{"level":"INFO","message":"[3:12:08.182 PM]: Connecting to GLOBAL Snowflake domain"}
{"level":"INFO","message":"[3:12:08.189 PM]: Trying to initialize Easy Logging"}
{"level":"INFO","message":"[3:12:08.190 PM]: No client config file found in default directories"}
{"level":"INFO","message":"[3:12:08.191 PM]: Easy Logging is disabled as no config has been found"}
{"level":"INFO","message":"[6:51:20.567 PM]: Connecting to GLOBAL Snowflake domain"}
{"level":"INFO","message":"[6:51:20.574 PM]: Trying to initialize Easy Logging"}
{"level":"INFO","message":"[6:51:20.577 PM]: No client config file found in default directories"}
{"level":"INFO","message":"[6:51:20.577 PM]: Easy Logging is disabled as no config has been found"}
{"level":"INFO","message":"[7:39:50.747 PM]: Connecting to GLOBAL Snowflake domain"}
{"level":"INFO","message":"[7:39:50.758 PM]: Trying to initialize Easy Logging"}
{"level":"INFO","message":"[7:39:50.759 PM]: No client config file found in default directories"}
{"level":"INFO","message":"[7:39:50.759 PM]: Easy Logging is disabled as no config has been found"}
{"level":"INFO","message":"[8:28:05.784 PM]: Connecting to GLOBAL Snowflake domain"}
{"level":"INFO","message":"[8:28:05.793 PM]: Trying to initialize Easy Logging"}
{"level":"INFO","message":"[8:28:05.795 PM]: No client config file found in default directories"}
{"level":"INFO","message":"[8:28:05.795 PM]: Easy Logging is disabled as no config has been found"}
{"level":"INFO","message":"[8:51:11.475 PM]: Connecting to GLOBAL Snowflake domain"}
{"level":"INFO","message":"[8:51:11.484 PM]: Trying to initialize Easy Logging"}
{"level":"INFO","message":"[8:51:11.485 PM]: No client config file found in default directories"}
{"level":"INFO","message":"[8:51:11.486 PM]: Easy Logging is disabled as no config has been found"}
{"level":"INFO","message":"[9:54:52.857 AM]: Connecting to GLOBAL Snowflake domain"}
{"level":"INFO","message":"[9:54:52.864 AM]: Trying to initialize Easy Logging"}
{"level":"INFO","message":"[9:54:52.866 AM]: No client config file found in default directories"}
{"level":"INFO","message":"[9:54:52.866 AM]: Easy Logging is disabled as no config has been found"}
{"level":"INFO","message":"[1:01:58.821 PM]: Connecting to GLOBAL Snowflake domain"}
{"level":"INFO","message":"[1:01:58.829 PM]: Trying to initialize Easy Logging"}
{"level":"INFO","message":"[1:01:58.834 PM]: No client config file found in default directories"}
{"level":"INFO","message":"[1:01:58.835 PM]: Easy Logging is disabled as no config has been found"}
{"level":"INFO","message":"[1:13:17.389 PM]: Connecting to GLOBAL Snowflake domain"}
{"level":"INFO","message":"[1:13:17.403 PM]: Trying to initialize Easy Logging"}
{"level":"INFO","message":"[1:13:17.407 PM]: No client config file found in default directories"}
{"level":"INFO","message":"[1:13:17.407 PM]: Easy Logging is disabled as no config has been found"}
{"level":"INFO","message":"[2:29:28.545 PM]: Connecting to GLOBAL Snowflake domain"}
{"level":"INFO","message":"[2:29:28.554 PM]: Trying to initialize Easy Logging"}
{"level":"INFO","message":"[2:29:28.556 PM]: No client config file found in default directories"}
{"level":"INFO","message":"[2:29:28.556 PM]: Easy Logging is disabled as no config has been found"}
{"level":"INFO","message":"[3:07:30.695 PM]: Connecting to GLOBAL Snowflake domain"}
{"level":"INFO","message":"[3:07:30.702 PM]: Trying to initialize Easy Logging"}
{"level":"INFO","message":"[3:07:30.703 PM]: No client config file found in default directories"}
{"level":"INFO","message":"[3:07:30.704 PM]: Easy Logging is disabled as no config has been found"}
{"level":"INFO","message":"[4:03:58.030 PM]: Connecting to GLOBAL Snowflake domain"}
{"level":"INFO","message":"[4:03:58.044 PM]: Trying to initialize Easy Logging"}
{"level":"INFO","message":"[4:03:58.045 PM]: No client config file found in default directories"}
{"level":"INFO","message":"[4:03:58.046 PM]: Easy Logging is disabled as no config has been found"}
{"level":"INFO","message":"[9:30:51.094 PM]: Connecting to GLOBAL Snowflake domain"}
{"level":"INFO","message":"[9:30:51.107 PM]: Trying to initialize Easy Logging"}
{"level":"INFO","message":"[9:30:51.110 PM]: No client config file found in default directories"}
{"level":"INFO","message":"[9:30:51.110 PM]: Easy Logging is disabled as no config has been found"}
{"level":"INFO","message":"[9:55:22.295 PM]: Connecting to GLOBAL Snowflake domain"}
{"level":"INFO","message":"[9:55:22.304 PM]: Trying to initialize Easy Logging"}
{"level":"INFO","message":"[9:55:22.305 PM]: No client config file found in default directories"}
{"level":"INFO","message":"[9:55:22.305 PM]: Easy Logging is disabled as no config has been found"}
{"level":"INFO","message":"[10:02:17.782 PM]: Connecting to GLOBAL Snowflake domain"}
{"level":"INFO","message":"[10:02:17.790 PM]: Trying to initialize Easy Logging"}
{"level":"INFO","message":"[10:02:17.792 PM]: No client config file found in default directories"}
{"level":"INFO","message":"[10:02:17.792 PM]: Easy Logging is disabled as no config has been found"}
{"level":"INFO","message":"[10:22:43.597 PM]: Connecting to GLOBAL Snowflake domain"}
{"level":"INFO","message":"[10:22:43.606 PM]: Trying to initialize Easy Logging"}
{"level":"INFO","message":"[10:22:43.608 PM]: No client config file found in default directories"}
{"level":"INFO","message":"[10:22:43.608 PM]: Easy Logging is disabled as no config has been found"}
{"level":"INFO","message":"[10:33:10.652 PM]: Connecting to GLOBAL Snowflake domain"}
{"level":"INFO","message":"[10:33:10.661 PM]: Trying to initialize Easy Logging"}
{"level":"INFO","message":"[10:33:10.662 PM]: No client config file found in default directories"}
{"level":"INFO","message":"[10:33:10.662 PM]: Easy Logging is disabled as no config has been found"}
{"level":"INFO","message":"[10:57:33.771 PM]: Connecting to GLOBAL Snowflake domain"}
{"level":"INFO","message":"[10:57:33.782 PM]: Trying to initialize Easy Logging"}
{"level":"INFO","message":"[10:57:33.784 PM]: No client config file found in default directories"}
{"level":"INFO","message":"[10:57:33.784 PM]: Easy Logging is disabled as no config has been found"}
